<?xml version="1.0" encoding="UTF-8"?>
<testng-results ignored="0" total="1" passed="1" failed="0" skipped="0">
  <reporter-output>
  </reporter-output>
  <suite started-at="2025-03-18T22:55:52 IST" name="Default suite" finished-at="2025-03-18T22:56:01 IST" duration-ms="8892">
    <groups>
    </groups>
    <test started-at="2025-03-18T22:55:52 IST" name="Default test" finished-at="2025-03-18T22:56:01 IST" duration-ms="8892">
      <class name="jQueryAZ.HandlingBoostrapDropDown">
        <test-method is-config="true" signature="setUp()[pri:0, instance:jQueryAZ.HandlingBoostrapDropDown@3754a4bf]" started-at="2025-03-18T22:55:52 IST" name="setUp" finished-at="2025-03-18T22:55:58 IST" duration-ms="5821" status="PASS">
          <reporter-output>
          </reporter-output>
        </test-method> <!-- setUp -->
        <test-method signature="countryDropDown()[pri:0, instance:jQueryAZ.HandlingBoostrapDropDown@3754a4bf]" started-at="2025-03-18T22:55:58 IST" name="countryDropDown" finished-at="2025-03-18T22:55:59 IST" duration-ms="1028" status="PASS">
          <reporter-output>
          </reporter-output>
        </test-method> <!-- countryDropDown -->
        <test-method is-config="true" signature="tearDown()[pri:0, instance:jQueryAZ.HandlingBoostrapDropDown@3754a4bf]" started-at="2025-03-18T22:55:59 IST" name="tearDown" finished-at="2025-03-18T22:56:01 IST" duration-ms="1963" status="PASS">
          <reporter-output>
          </reporter-output>
        </test-method> <!-- tearDown -->
      </class> <!-- jQueryAZ.HandlingBoostrapDropDown -->
    </test> <!-- Default test -->
  </suite> <!-- Default suite -->
</testng-results>
